<?xml version="1.0" encoding="UTF-8"?>
<!-- Generated by org.testng.reporters.JUnitReportReporter -->
<testsuite skipped="0" hostname="NBSP000E3J-TP" name="org.activity1.website.title.Activity1" tests="1" failures="0" timestamp="21 Nov 2020 18:26:57 GMT" time="7.475" errors="0">
  <testcase name="WebsiteTitle" time="7.475" classname="org.activity1.website.title.Activity1"/>
</testsuite> <!-- org.activity1.website.title.Activity1 -->
