<?xml version="1.0" encoding="UTF-8"?>
<!-- Generated by org.testng.reporters.JUnitReportReporter -->
<testsuite skipped="0" hostname="NBSP000E3J-TP" name="org.activity9.test.Activity9" tests="1" failures="0" timestamp="21 Nov 2020 18:26:57 GMT" time="11.087" errors="0">
  <testcase name="traverseTable" time="11.087" classname="org.activity9.test.Activity9"/>
</testsuite> <!-- org.activity9.test.Activity9 -->
