<?xml version="1.0" encoding="UTF-8"?>
<!-- Generated by org.testng.reporters.JUnitReportReporter -->
<testsuite skipped="0" hostname="NBSP000E3J-TP" name="org.activity5.getting.colors.Activity5" tests="1" failures="0" timestamp="21 Nov 2020 18:26:57 GMT" time="6.260" errors="0">
  <testcase name="gettingColor" time="6.260" classname="org.activity5.getting.colors.Activity5"/>
</testsuite> <!-- org.activity5.getting.colors.Activity5 -->
