<?xml version="1.0" encoding="UTF-8"?>
<!-- Generated by org.testng.reporters.JUnitReportReporter -->
<testsuite skipped="0" hostname="NBSP000E3J-TP" name="org.activity4.login.page.Activity4" tests="1" failures="0" timestamp="21 Nov 2020 18:26:57 GMT" time="6.152" errors="0">
  <testcase name="loginPage" time="6.152" classname="org.activity4.login.page.Activity4"/>
</testsuite> <!-- org.activity4.login.page.Activity4 -->
