<?xml version="1.0" encoding="UTF-8"?>
<!-- Generated by org.testng.reporters.JUnitReportReporter -->
<testsuite skipped="0" hostname="NBSP000E3J-TP" name="org.activity6.menu.check.Activity6" tests="1" failures="0" timestamp="21 Nov 2020 18:26:57 GMT" time="5.418" errors="0">
  <testcase name="menuCheck" time="5.418" classname="org.activity6.menu.check.Activity6"/>
</testsuite> <!-- org.activity6.menu.check.Activity6 -->
