<?xml version="1.0" encoding="UTF-8"?>
<!-- Generated by org.testng.reporters.JUnitReportReporter -->
<testsuite skipped="0" hostname="NBSP000E3J-TP" name="org.activity7.read.info.Activity7" tests="1" failures="0" timestamp="21 Nov 2020 18:26:57 GMT" time="17.243" errors="0">
  <testcase name="readInfo" time="17.243" classname="org.activity7.read.info.Activity7"/>
</testsuite> <!-- org.activity7.read.info.Activity7 -->
