<?xml version="1.0" encoding="UTF-8"?>
<!-- Generated by org.testng.reporters.JUnitReportReporter -->
<testsuite skipped="0" hostname="NBSP000E3J-TP" name="org.activity8.traverse.table.Activity8" tests="1" failures="0" timestamp="21 Nov 2020 18:26:57 GMT" time="11.261" errors="0">
  <testcase name="traverseTable" time="11.261" classname="org.activity8.traverse.table.Activity8"/>
</testsuite> <!-- org.activity8.traverse.table.Activity8 -->
