<?xml version="1.0" encoding="UTF-8"?>
<!-- Generated by org.testng.reporters.JUnitReportReporter -->
<testsuite skipped="0" hostname="NBSP000E3J-TP" name="org.activity3.copyright.text.Activity3" tests="1" failures="0" timestamp="21 Nov 2020 18:26:57 GMT" time="8.009" errors="0">
  <testcase name="copyrightText" time="8.009" classname="org.activity3.copyright.text.Activity3"/>
</testsuite> <!-- org.activity3.copyright.text.Activity3 -->
