<?xml version="1.0" encoding="UTF-8"?>
<!-- Generated by org.testng.reporters.JUnitReportReporter -->
<testsuite skipped="0" hostname="NBSP000E3J-TP" name="org.activity2.header.image.Activity2" tests="1" failures="0" timestamp="21 Nov 2020 18:26:57 GMT" time="3.971" errors="0">
  <testcase name="headerImage" time="3.971" classname="org.activity2.header.image.Activity2"/>
</testsuite> <!-- org.activity2.header.image.Activity2 -->
