<?xml version="1.0" encoding="UTF-8"?>
<!-- Generated by org.testng.reporters.JUnitReportReporter -->
<testsuite skipped="0" hostname="NBSP000E3J-TP" name="org.testNG.Activity4.DemoOne" tests="2" failures="0" timestamp="17 Nov 2020 03:28:42 GMT" time="0.011" errors="0">
  <testcase name="firstTestCase" time="0.010" classname="org.testNG.Activity4.DemoOne"/>
  <testcase name="secondTestCase" time="0.001" classname="org.testNG.Activity4.DemoOne"/>
</testsuite> <!-- org.testNG.Activity4.DemoOne -->
